<?xml version="1.0" encoding="UTF-8"?>
<!-- Generated by org.testng.reporters.JUnitReportReporter -->
<testsuite hostname="DESKTOP-87343IB" failures="0" tests="2" name="com.annotationSummary.AnnotationsSummary" time="0.010" errors="0" timestamp="2022-11-08T19:11:26 IST" skipped="0">
  <testcase classname="com.annotationSummary.AnnotationsSummary" name="method1" time="0.009"/>
  <system-out/>
  <testcase classname="com.annotationSummary.AnnotationsSummary" name="method2" time="0.001"/>
  <system-out/>
</testsuite> <!-- com.annotationSummary.AnnotationsSummary -->
