<?xml version="1.0" encoding="UTF-8"?>
<!-- Generated by org.testng.reporters.JUnitReportReporter -->
<testsuite hostname="DESKTOP-87343IB" failures="0" tests="3" name="com.parameters.Users" time="0.006" errors="0" timestamp="2022-11-08T19:09:07 IST" skipped="0">
  <testcase classname="com.parameters.Users" name="deleteUser" time="0.001"/>
  <system-out/>
  <testcase classname="com.parameters.Users" name="createUser" time="0.004"/>
  <system-out/>
  <testcase classname="com.parameters.Users" name="modifyUser" time="0.001"/>
  <system-out/>
</testsuite> <!-- com.parameters.Users -->
