<?xml version="1.0" encoding="UTF-8"?>
<!-- Generated by org.testng.reporters.JUnitReportReporter -->
<testsuite hostname="DESKTOP-87343IB" failures="0" tests="3" name="com.products.Products" time="0.002" errors="0" timestamp="2022-11-08T19:03:34 IST" skipped="0">
  <testcase classname="com.products.Products" name="createProduct" time="0.001"/>
  <system-out/>
  <testcase classname="com.products.Products" name="deleteProduct" time="0.001"/>
  <system-out/>
  <testcase classname="com.products.Products" name="modifyProduct" time="0.000"/>
  <system-out/>
</testsuite> <!-- com.products.Products -->
